<?xml version="1.0" encoding="UTF-8"?>
<!-- Generated by org.testng.reporters.JUnitReportReporter -->
<testsuite hostname="DESKTOP-59BILVQ" failures="0" tests="2" name="GroupingPractice.TestCase1" time="0.012" errors="0" timestamp="2022-09-23T11:07:54 IST" skipped="0">
  <testcase classname="GroupingPractice.TestCase1" name="Test2" time="0.006"/>
  <system-out/>
  <testcase classname="GroupingPractice.TestCase1" name="Test3" time="0.006"/>
  <system-out/>
</testsuite> <!-- GroupingPractice.TestCase1 -->
