<?xml version="1.0" encoding="UTF-8"?>
<!-- Generated by org.testng.reporters.JUnitReportReporter -->
<testsuite hostname="DESKTOP-FJGHUJB" failures="0" tests="3" name="LayOut.TestCase2" time="0.006" errors="0" timestamp="2022-10-01T23:55:53 GMT-08:00" skipped="0">
  <testcase classname="LayOut.TestCase2" name="m6" time="0.001"/>
  <system-out/>
  <testcase classname="LayOut.TestCase2" name="m5" time="0.004"/>
  <system-out/>
  <testcase classname="LayOut.TestCase2" name="m4" time="0.001"/>
  <system-out/>
</testsuite> <!-- LayOut.TestCase2 -->
