<?xml version="1.0" encoding="UTF-8"?>
<!-- Generated by org.testng.reporters.JUnitReportReporter -->
<testsuite hostname="DESKTOP-59BILVQ" failures="0" tests="7" name="TestNGkeyWords.InvocationCountWithThreadPoolSizePractice" time="0.166" errors="0" timestamp="2022-09-22T12:14:16 IST" skipped="0">
  <testcase classname="TestNGkeyWords.InvocationCountWithThreadPoolSizePractice" name="m2" time="0.013"/>
  <system-out/>
  <testcase classname="TestNGkeyWords.InvocationCountWithThreadPoolSizePractice" name="m3" time="0.000"/>
  <system-out/>
  <testcase classname="TestNGkeyWords.InvocationCountWithThreadPoolSizePractice" name="m2" time="0.043"/>
  <system-out/>
  <testcase classname="TestNGkeyWords.InvocationCountWithThreadPoolSizePractice" name="m1" time="0.016"/>
  <system-out/>
  <testcase classname="TestNGkeyWords.InvocationCountWithThreadPoolSizePractice" name="m2" time="0.006"/>
  <system-out/>
  <testcase classname="TestNGkeyWords.InvocationCountWithThreadPoolSizePractice" name="m2" time="0.038"/>
  <system-out/>
  <testcase classname="TestNGkeyWords.InvocationCountWithThreadPoolSizePractice" name="m2" time="0.050"/>
  <system-out/>
</testsuite> <!-- TestNGkeyWords.InvocationCountWithThreadPoolSizePractice -->
