<?xml version="1.0" encoding="UTF-8"?>
<!-- Generated by org.testng.reporters.JUnitReportReporter -->
<testsuite hostname="DESKTOP-FJGHUJB" failures="0" tests="3" name="DummyProject.Test3" time="0.016" errors="0" timestamp="2022-10-01T23:56:27 GMT-08:00" skipped="0">
  <testcase classname="DummyProject.Test3" name="openPrivacyAndPolicy" time="0.009"/>
  <system-out/>
  <testcase classname="DummyProject.Test3" name="OpenSettings" time="0.004"/>
  <system-out/>
  <testcase classname="DummyProject.Test3" name="Loggedout" time="0.003"/>
  <system-out/>
</testsuite> <!-- DummyProject.Test3 -->
