<?xml version="1.0" encoding="UTF-8"?>
<!-- Generated by org.testng.reporters.JUnitReportReporter -->
<testsuite hostname="DESKTOP-FJGHUJB" failures="0" tests="1" name="ChildBroGetWindoHandle.GetWindoHandles" time="12.153" errors="0" timestamp="2022-10-02T04:31:35 GMT-08:00" skipped="0">
  <testcase classname="ChildBroGetWindoHandle.GetWindoHandles" name="handle" time="12.153"/>
  <system-out/>
</testsuite> <!-- ChildBroGetWindoHandle.GetWindoHandles -->
