<?xml version="1.0" encoding="UTF-8"?>
<!-- Generated by org.testng.reporters.JUnitReportReporter -->
<testsuite hostname="DESKTOP-FJGHUJB" failures="0" tests="3" name="DummyProject.Test2" time="0.014" errors="0" timestamp="2022-10-01T23:56:27 GMT-08:00" skipped="0">
  <testcase classname="DummyProject.Test2" name="Notificaion" time="0.004"/>
  <system-out/>
  <testcase classname="DummyProject.Test2" name="FrindList" time="0.006"/>
  <system-out/>
  <testcase classname="DummyProject.Test2" name="massages" time="0.004"/>
  <system-out/>
</testsuite> <!-- DummyProject.Test2 -->
