<?xml version="1.0" encoding="UTF-8"?>
<!-- Generated by org.testng.reporters.JUnitReportReporter -->
<testsuite hostname="DESKTOP-59BILVQ" failures="0" tests="3" name="Xml.TestCase2" time="0.000" errors="0" timestamp="2022-09-22T11:55:53 IST" skipped="0">
  <testcase classname="Xml.TestCase2" name="m5" time="0.000"/>
  <system-out/>
  <testcase classname="Xml.TestCase2" name="m6" time="0.000"/>
  <system-out/>
  <testcase classname="Xml.TestCase2" name="m4" time="0.000"/>
  <system-out/>
</testsuite> <!-- Xml.TestCase2 -->
