<?xml version="1.0" encoding="UTF-8"?>
<!-- Generated by org.testng.reporters.JUnitReportReporter -->
<testsuite hostname="DESKTOP-FJGHUJB" failures="0" tests="2" name="DummyProject.Test1" time="0.010" errors="0" timestamp="2022-10-01T23:56:27 GMT-08:00" skipped="0">
  <testcase classname="DummyProject.Test1" name="HomepageClick" time="0.007"/>
  <system-out/>
  <testcase classname="DummyProject.Test1" name="Login" time="0.003"/>
  <system-out/>
</testsuite> <!-- DummyProject.Test1 -->
