<?xml version="1.0" encoding="UTF-8"?>
<!-- Generated by org.testng.reporters.JUnitReportReporter -->
<testsuite hostname="DESKTOP-59BILVQ" failures="0" tests="3" name="TestNGkeyWords.EnabledKeywordPractice" time="0.016" errors="0" timestamp="2022-09-22T12:11:01 IST" skipped="1">
  <testcase classname="TestNGkeyWords.EnabledKeywordPractice" name="m2" time="0.016"/>
  <system-out/>
  <testcase classname="TestNGkeyWords.EnabledKeywordPractice" name="m3" time="0.000"/>
  <system-out/>
  <testcase classname="TestNGkeyWords.EnabledKeywordPractice" name="m1">
    <skipped/>
  </testcase> <!-- m1 -->
  <system-out/>
</testsuite> <!-- TestNGkeyWords.EnabledKeywordPractice -->
