<?xml version="1.0" encoding="UTF-8"?>
<!-- Generated by org.testng.reporters.JUnitReportReporter -->
<testsuite hostname="DESKTOP-59BILVQ" failures="0" tests="3" name="TestNGkeyWords.TimeoutsKeywordPractice" time="0.015" errors="0" timestamp="2022-09-22T12:17:37 IST" skipped="0">
  <testcase classname="TestNGkeyWords.TimeoutsKeywordPractice" name="m2" time="0.000"/>
  <system-out/>
  <testcase classname="TestNGkeyWords.TimeoutsKeywordPractice" name="m3" time="0.000"/>
  <system-out/>
  <testcase classname="TestNGkeyWords.TimeoutsKeywordPractice" name="m1" time="0.015"/>
  <system-out/>
</testsuite> <!-- TestNGkeyWords.TimeoutsKeywordPractice -->
