<?xml version="1.0" encoding="UTF-8"?>
<!-- Generated by org.testng.reporters.JUnitReportReporter -->
<testsuite hostname="DESKTOP-59BILVQ" failures="0" tests="6" name="AssertionsTestNg.Practice" time="11.609" errors="0" timestamp="2022-09-26T13:50:20 IST" skipped="0">
  <testcase classname="AssertionsTestNg.Practice" name="equals" time="0.019"/>
  <system-out/>
  <testcase classname="AssertionsTestNg.Practice" name="NotEquals" time="0.006"/>
  <system-out/>
  <testcase classname="AssertionsTestNg.Practice" name="True" time="11.171"/>
  <system-out/>
  <testcase classname="AssertionsTestNg.Practice" name="False" time="0.400"/>
  <system-out/>
  <testcase classname="AssertionsTestNg.Practice" name="Null" time="0.002"/>
  <system-out/>
  <testcase classname="AssertionsTestNg.Practice" name="notNull" time="0.011"/>
  <system-out/>
</testsuite> <!-- AssertionsTestNg.Practice -->
