<?xml version="1.0" encoding="UTF-8"?>
<!-- Generated by org.testng.reporters.JUnitReportReporter -->
<testsuite hostname="DESKTOP-59BILVQ" failures="0" tests="3" name="TestNGkeyWords.Priority" time="0.000" errors="0" timestamp="2022-09-22T12:15:13 IST" skipped="0">
  <testcase classname="TestNGkeyWords.Priority" name="m3" time="0.000"/>
  <system-out/>
  <testcase classname="TestNGkeyWords.Priority" name="m2" time="0.000"/>
  <system-out/>
  <testcase classname="TestNGkeyWords.Priority" name="m1" time="0.000"/>
  <system-out/>
</testsuite> <!-- TestNGkeyWords.Priority -->
