<?xml version="1.0" encoding="UTF-8"?>
<!-- Generated by org.testng.reporters.JUnitReportReporter -->
<testsuite hostname="DESKTOP-FJGHUJB" failures="0" tests="3" name="LayOut.TestCase1" time="0.012" errors="0" timestamp="2022-10-01T23:55:53 GMT-08:00" skipped="0">
  <testcase classname="LayOut.TestCase1" name="m3" time="0.002"/>
  <system-out/>
  <testcase classname="LayOut.TestCase1" name="m2" time="0.003"/>
  <system-out/>
  <testcase classname="LayOut.TestCase1" name="m1" time="0.007"/>
  <system-out/>
</testsuite> <!-- LayOut.TestCase1 -->
