<?xml version="1.0" encoding="UTF-8"?>
<!-- Generated by org.testng.reporters.JUnitReportReporter -->
<testsuite hostname="DESKTOP-59BILVQ" failures="0" tests="7" name="TestNGkeyWords.invocationCount" time="0.032" errors="0" timestamp="2022-09-22T12:12:03 IST" skipped="0">
  <testcase classname="TestNGkeyWords.invocationCount" name="m1" time="0.016"/>
  <system-out/>
  <testcase classname="TestNGkeyWords.invocationCount" name="m3" time="0.000"/>
  <system-out/>
  <testcase classname="TestNGkeyWords.invocationCount" name="m2" time="0.000"/>
  <system-out/>
  <testcase classname="TestNGkeyWords.invocationCount" name="m2" time="0.016"/>
  <system-out/>
  <testcase classname="TestNGkeyWords.invocationCount" name="m2" time="0.000"/>
  <system-out/>
  <testcase classname="TestNGkeyWords.invocationCount" name="m2" time="0.000"/>
  <system-out/>
  <testcase classname="TestNGkeyWords.invocationCount" name="m2" time="0.000"/>
  <system-out/>
</testsuite> <!-- TestNGkeyWords.invocationCount -->
